<?xml version="1.0" encoding="UTF-8"?>
<!-- Generated by org.testng.reporters.JUnitReportReporter -->
<testsuite hostname="WIN-GLF10487UOQ" failures="0" tests="3" name="Assignment.Project6.NewTest" time="10.910" errors="0" timestamp="2022-02-05T02:35:40 PST" skipped="0">
  <testcase classname="Assignment.Project6.NewTest" name="BankUserLogin" time="1.300"/>
  <testcase classname="Assignment.Project6.NewTest" name="CustomerTransaction" time="4.344"/>
  <testcase classname="Assignment.Project6.NewTest" name="CustomerRegistration" time="5.266"/>
</testsuite> <!-- Assignment.Project6.NewTest -->
