<?xml version="1.0" encoding="UTF-8"?>
<!-- Generated by org.testng.reporters.JUnitReportReporter -->
<testsuite hostname="WIN-GLF10487UOQ" failures="0" tests="3" name="Assignment.Project6.NewTest" time="7.597" errors="0" timestamp="2022-02-10T20:55:51 PST" skipped="0">
  <testcase classname="Assignment.Project6.NewTest" name="BankUserLogin" time="1.423"/>
  <system-out/>
  <testcase classname="Assignment.Project6.NewTest" name="CustomerTransaction" time="2.603"/>
  <system-out/>
  <testcase classname="Assignment.Project6.NewTest" name="CustomerRegistration" time="3.571"/>
  <system-out/>
</testsuite> <!-- Assignment.Project6.NewTest -->
